The system is: Windows - 10.0.18363 - AMD64
Compiling the C compiler identification source file "CMakeCCompilerId.c" succeeded.
Compiler: C:/Software/Visual Studio 2019 Professional/VC/Tools/MSVC/14.27.29110/bin/Hostx64/x64/cl.exe 
Build flags: 
Id flags:  

The output was:
0
用于 x64 的 Microsoft (R) C/C++ 优化编译器 19.27.29112 版
版权所有(C) Microsoft Corporation。保留所有权利。

CMakeCCompilerId.c
Microsoft (R) Incremental Linker Version 14.27.29112.0
Copyright (C) Microsoft Corporation.  All rights reserved.

/out:CMakeCCompilerId.exe 
CMakeCCompilerId.obj 


Compilation of the C compiler identification source "CMakeCCompilerId.c" produced "CMakeCCompilerId.exe"

Compilation of the C compiler identification source "CMakeCCompilerId.c" produced "CMakeCCompilerId.obj"

The C compiler identification is MSVC, found in "C:/Users/香妃/Desktop/bebop_ws/src/bebop_autonomy/bebop_tools/out/build/x64-Debug (默认值)/CMakeFiles/3.17.20032601-MSVC_2/CompilerIdC/CMakeCCompilerId.exe"

Compiling the CXX compiler identification source file "CMakeCXXCompilerId.cpp" succeeded.
Compiler: C:/Software/Visual Studio 2019 Professional/VC/Tools/MSVC/14.27.29110/bin/Hostx64/x64/cl.exe 
Build flags: 
Id flags:  

The output was:
0
用于 x64 的 Microsoft (R) C/C++ 优化编译器 19.27.29112 版
版权所有(C) Microsoft Corporation。保留所有权利。

CMakeCXXCompilerId.cpp
Microsoft (R) Incremental Linker Version 14.27.29112.0
Copyright (C) Microsoft Corporation.  All rights reserved.

/out:CMakeCXXCompilerId.exe 
CMakeCXXCompilerId.obj 


Compilation of the CXX compiler identification source "CMakeCXXCompilerId.cpp" produced "CMakeCXXCompilerId.exe"

Compilation of the CXX compiler identification source "CMakeCXXCompilerId.cpp" produced "CMakeCXXCompilerId.obj"

The CXX compiler identification is MSVC, found in "C:/Users/香妃/Desktop/bebop_ws/src/bebop_autonomy/bebop_tools/out/build/x64-Debug (默认值)/CMakeFiles/3.17.20032601-MSVC_2/CompilerIdCXX/CMakeCXXCompilerId.exe"

Determining if the C compiler works passed with the following output:
Change Dir: C:/Users/香妃/Desktop/bebop_ws/src/bebop_autonomy/bebop_tools/out/build/x64-Debug (默认值)/CMakeFiles/CMakeTmp

Run Build Command(s):C:/Software/Visual Studio 2019 Professional/Common7/IDE/CommonExtensions/Microsoft/CMake/Ninja/ninja.exe cmTC_dd8f9 && [1/2] Building C object CMakeFiles\cmTC_dd8f9.dir\testCCompiler.c.obj
[2/2] Linking C executable cmTC_dd8f9.exe



Detecting C compiler ABI info compiled with the following output:
Change Dir: C:/Users/香妃/Desktop/bebop_ws/src/bebop_autonomy/bebop_tools/out/build/x64-Debug (默认值)/CMakeFiles/CMakeTmp

Run Build Command(s):C:/Software/Visual Studio 2019 Professional/Common7/IDE/CommonExtensions/Microsoft/CMake/Ninja/ninja.exe cmTC_4c05f && [1/2] Building C object CMakeFiles\cmTC_4c05f.dir\CMakeCCompilerABI.c.obj
[2/2] Linking C executable cmTC_4c05f.exe



Determining if the CXX compiler works passed with the following output:
Change Dir: C:/Users/香妃/Desktop/bebop_ws/src/bebop_autonomy/bebop_tools/out/build/x64-Debug (默认值)/CMakeFiles/CMakeTmp

Run Build Command(s):C:/Software/Visual Studio 2019 Professional/Common7/IDE/CommonExtensions/Microsoft/CMake/Ninja/ninja.exe cmTC_666c2 && [1/2] Building CXX object CMakeFiles\cmTC_666c2.dir\testCXXCompiler.cxx.obj
[2/2] Linking CXX executable cmTC_666c2.exe



Detecting CXX compiler ABI info compiled with the following output:
Change Dir: C:/Users/香妃/Desktop/bebop_ws/src/bebop_autonomy/bebop_tools/out/build/x64-Debug (默认值)/CMakeFiles/CMakeTmp

Run Build Command(s):C:/Software/Visual Studio 2019 Professional/Common7/IDE/CommonExtensions/Microsoft/CMake/Ninja/ninja.exe cmTC_de885 && [1/2] Building CXX object CMakeFiles\cmTC_de885.dir\CMakeCXXCompilerABI.cpp.obj
[2/2] Linking CXX executable cmTC_de885.exe



