The system is: Windows - 10.0.18363 - AMD64
Compiling the C compiler identification source file "CMakeCCompilerId.c" succeeded.
Compiler: C:/Software/Visual Studio 2019 Professional/VC/Tools/MSVC/14.27.29110/bin/Hostx64/x64/cl.exe 
Build flags: 
Id flags:  

The output was:
0
用于 x64 的 Microsoft (R) C/C++ 优化编译器 19.27.29112 版
版权所有(C) Microsoft Corporation。保留所有权利。

CMakeCCompilerId.c
Microsoft (R) Incremental Linker Version 14.27.29112.0
Copyright (C) Microsoft Corporation.  All rights reserved.

/out:CMakeCCompilerId.exe 
CMakeCCompilerId.obj 


Compilation of the C compiler identification source "CMakeCCompilerId.c" produced "CMakeCCompilerId.exe"

Compilation of the C compiler identification source "CMakeCCompilerId.c" produced "CMakeCCompilerId.obj"

The C compiler identification is MSVC, found in "C:/Users/香妃/Desktop/bebop_ws/src/bebop_autonomy/bebop_driver/out/build/x64-Debug (默认值)/CMakeFiles/3.17.20032601-MSVC_2/CompilerIdC/CMakeCCompilerId.exe"

Compiling the CXX compiler identification source file "CMakeCXXCompilerId.cpp" succeeded.
Compiler: C:/Software/Visual Studio 2019 Professional/VC/Tools/MSVC/14.27.29110/bin/Hostx64/x64/cl.exe 
Build flags: 
Id flags:  

The output was:
0
用于 x64 的 Microsoft (R) C/C++ 优化编译器 19.27.29112 版
版权所有(C) Microsoft Corporation。保留所有权利。

CMakeCXXCompilerId.cpp
Microsoft (R) Incremental Linker Version 14.27.29112.0
Copyright (C) Microsoft Corporation.  All rights reserved.

/out:CMakeCXXCompilerId.exe 
CMakeCXXCompilerId.obj 


Compilation of the CXX compiler identification source "CMakeCXXCompilerId.cpp" produced "CMakeCXXCompilerId.exe"

Compilation of the CXX compiler identification source "CMakeCXXCompilerId.cpp" produced "CMakeCXXCompilerId.obj"

The CXX compiler identification is MSVC, found in "C:/Users/香妃/Desktop/bebop_ws/src/bebop_autonomy/bebop_driver/out/build/x64-Debug (默认值)/CMakeFiles/3.17.20032601-MSVC_2/CompilerIdCXX/CMakeCXXCompilerId.exe"

Determining if the C compiler works passed with the following output:
Change Dir: C:/Users/香妃/Desktop/bebop_ws/src/bebop_autonomy/bebop_driver/out/build/x64-Debug (默认值)/CMakeFiles/CMakeTmp

Run Build Command(s):C:/Software/Visual Studio 2019 Professional/Common7/IDE/CommonExtensions/Microsoft/CMake/Ninja/ninja.exe cmTC_bd638 && [1/2] Building C object CMakeFiles\cmTC_bd638.dir\testCCompiler.c.obj
[2/2] Linking C executable cmTC_bd638.exe



Detecting C compiler ABI info compiled with the following output:
Change Dir: C:/Users/香妃/Desktop/bebop_ws/src/bebop_autonomy/bebop_driver/out/build/x64-Debug (默认值)/CMakeFiles/CMakeTmp

Run Build Command(s):C:/Software/Visual Studio 2019 Professional/Common7/IDE/CommonExtensions/Microsoft/CMake/Ninja/ninja.exe cmTC_fb809 && [1/2] Building C object CMakeFiles\cmTC_fb809.dir\CMakeCCompilerABI.c.obj
[2/2] Linking C executable cmTC_fb809.exe



Determining if the CXX compiler works passed with the following output:
Change Dir: C:/Users/香妃/Desktop/bebop_ws/src/bebop_autonomy/bebop_driver/out/build/x64-Debug (默认值)/CMakeFiles/CMakeTmp

Run Build Command(s):C:/Software/Visual Studio 2019 Professional/Common7/IDE/CommonExtensions/Microsoft/CMake/Ninja/ninja.exe cmTC_d9b34 && [1/2] Building CXX object CMakeFiles\cmTC_d9b34.dir\testCXXCompiler.cxx.obj
[2/2] Linking CXX executable cmTC_d9b34.exe



Detecting CXX compiler ABI info compiled with the following output:
Change Dir: C:/Users/香妃/Desktop/bebop_ws/src/bebop_autonomy/bebop_driver/out/build/x64-Debug (默认值)/CMakeFiles/CMakeTmp

Run Build Command(s):C:/Software/Visual Studio 2019 Professional/Common7/IDE/CommonExtensions/Microsoft/CMake/Ninja/ninja.exe cmTC_c4ebe && [1/2] Building CXX object CMakeFiles\cmTC_c4ebe.dir\CMakeCXXCompilerABI.cpp.obj
[2/2] Linking CXX executable cmTC_c4ebe.exe



